Build started 2016-02-29 9:39:28 PM.
     1>Project "C:\Users\Denis\Desktop\W2016\graphics\project\COMP371_group_project\VS2013\HW_Template.vcxproj" on node 2 (Build target(s)).
     1>C:\Program Files (x86)\MSBuild\Microsoft.Cpp\v4.0\V120\Microsoft.CppBuild.targets(364,5): warning MSB8004: Output Directory does not end with a trailing slash.  This build instance will add the slash as it is required to allow proper evaluation of the Output Directory.
     1>ClCompile:
         C:\Program Files (x86)\Microsoft Visual Studio 12.0\VC\bin\CL.exe /c /I../ThirdParty/glew /I../ThirdParty/glm /I../ThirdParty/glfw /I../ThirdParty/cimg /ZI /nologo /W3 /WX- /sdl /Od /Oy- /D _MBCS /Gm /EHsc /RTC1 /MDd /GS /fp:precise /Zc:wchar_t /Zc:forScope /Fo"C:\Users\Denis\Desktop\W2016\graphics\project\COMP371_group_project\VS2013\/../Build/Debug/" /Fd"C:\Users\Denis\Desktop\W2016\graphics\project\COMP371_group_project\VS2013\/../Build/Debug/vc120.pdb" /Gd /TP /analyze- /errorReport:prompt ..\Source\main.cpp Building.cpp
         Building.cpp
     1>c:\users\denis\desktop\w2016\graphics\project\comp371_group_project\vs2013\building.h(8): error C2653: 'glm' : is not a class or namespace name
     1>c:\users\denis\desktop\w2016\graphics\project\comp371_group_project\vs2013\building.h(8): error C2146: syntax error : missing ';' before identifier 'center'
     1>c:\users\denis\desktop\w2016\graphics\project\comp371_group_project\vs2013\building.h(8): error C4430: missing type specifier - int assumed. Note: C++ does not support default-int
     1>c:\users\denis\desktop\w2016\graphics\project\comp371_group_project\vs2013\building.h(9): error C2143: syntax error : missing ';' before '<'
     1>c:\users\denis\desktop\w2016\graphics\project\comp371_group_project\vs2013\building.h(9): error C4430: missing type specifier - int assumed. Note: C++ does not support default-int
     1>c:\users\denis\desktop\w2016\graphics\project\comp371_group_project\vs2013\building.h(9): error C2653: 'glm' : is not a class or namespace name
     1>c:\users\denis\desktop\w2016\graphics\project\comp371_group_project\vs2013\building.h(9): error C2238: unexpected token(s) preceding ';'
     1>c:\users\denis\desktop\w2016\graphics\project\comp371_group_project\vs2013\building.h(13): error C2653: 'glm' : is not a class or namespace name
     1>c:\users\denis\desktop\w2016\graphics\project\comp371_group_project\vs2013\building.h(13): error C2061: syntax error : identifier 'vec3'
     1>c:\users\denis\desktop\w2016\graphics\project\comp371_group_project\vs2013\building.h(16): error C2143: syntax error : missing ';' before '<'
     1>c:\users\denis\desktop\w2016\graphics\project\comp371_group_project\vs2013\building.h(16): error C4430: missing type specifier - int assumed. Note: C++ does not support default-int
     1>c:\users\denis\desktop\w2016\graphics\project\comp371_group_project\vs2013\building.h(16): error C2653: 'glm' : is not a class or namespace name
     1>c:\users\denis\desktop\w2016\graphics\project\comp371_group_project\vs2013\building.h(16): error C2334: unexpected token(s) preceding '{'; skipping apparent function body
     1>c:\users\denis\desktop\w2016\graphics\project\comp371_group_project\vs2013\building.h(17): error C2143: syntax error : missing ';' before '<'
     1>c:\users\denis\desktop\w2016\graphics\project\comp371_group_project\vs2013\building.h(17): error C4430: missing type specifier - int assumed. Note: C++ does not support default-int
     1>c:\users\denis\desktop\w2016\graphics\project\comp371_group_project\vs2013\building.h(17): error C2653: 'glm' : is not a class or namespace name
     1>c:\users\denis\desktop\w2016\graphics\project\comp371_group_project\vs2013\building.h(17): error C2334: unexpected token(s) preceding '{'; skipping apparent function body
     1>c:\users\denis\desktop\w2016\graphics\project\comp371_group_project\vs2013\building.h(18): error C2143: syntax error : missing ';' before '<'
     1>c:\users\denis\desktop\w2016\graphics\project\comp371_group_project\vs2013\building.h(18): error C4430: missing type specifier - int assumed. Note: C++ does not support default-int
     1>c:\users\denis\desktop\w2016\graphics\project\comp371_group_project\vs2013\building.h(18): error C2653: 'glm' : is not a class or namespace name
     1>c:\users\denis\desktop\w2016\graphics\project\comp371_group_project\vs2013\building.h(18): error C2334: unexpected token(s) preceding '{'; skipping apparent function body
     1>c:\users\denis\desktop\w2016\graphics\project\comp371_group_project\vs2013\building.cpp(26): error C2511: 'Building::Building(float,float,glm::vec3)' : overloaded member function not found in 'Building'
                 c:\users\denis\desktop\w2016\graphics\project\comp371_group_project\vs2013\building.h(3) : see declaration of 'Building'
     1>c:\users\denis\desktop\w2016\graphics\project\comp371_group_project\vs2013\building.cpp(27): error C2597: illegal reference to non-static member 'Building::height'
     1>c:\users\denis\desktop\w2016\graphics\project\comp371_group_project\vs2013\building.cpp(28): error C2597: illegal reference to non-static member 'Building::width'
     1>c:\users\denis\desktop\w2016\graphics\project\comp371_group_project\vs2013\building.cpp(29): error C2065: 'center' : undeclared identifier
     1>c:\users\denis\desktop\w2016\graphics\project\comp371_group_project\vs2013\building.cpp(30): error C2065: 'bldgPoints' : undeclared identifier
     1>c:\users\denis\desktop\w2016\graphics\project\comp371_group_project\vs2013\building.cpp(37): error C2039: 'getBldgPoints' : is not a member of 'Building'
                 c:\users\denis\desktop\w2016\graphics\project\comp371_group_project\vs2013\building.h(3) : see declaration of 'Building'
     1>c:\users\denis\desktop\w2016\graphics\project\comp371_group_project\vs2013\building.cpp(38): error C2065: 'bldgPoints' : undeclared identifier
     1>c:\users\denis\desktop\w2016\graphics\project\comp371_group_project\vs2013\building.cpp(41): error C2039: 'generateBldg' : is not a member of 'Building'
                 c:\users\denis\desktop\w2016\graphics\project\comp371_group_project\vs2013\building.h(3) : see declaration of 'Building'
     1>c:\users\denis\desktop\w2016\graphics\project\comp371_group_project\vs2013\building.cpp(42): error C2661: 'Building::Building' : no overloaded function takes 3 arguments
     1>c:\users\denis\desktop\w2016\graphics\project\comp371_group_project\vs2013\building.cpp(42): error C2512: 'Building' : no appropriate default constructor available
     1>c:\users\denis\desktop\w2016\graphics\project\comp371_group_project\vs2013\building.cpp(49): error C2039: 'generateRandomBldg' : is not a member of 'Building'
                 c:\users\denis\desktop\w2016\graphics\project\comp371_group_project\vs2013\building.h(3) : see declaration of 'Building'
         main.cpp
     1>c:\users\denis\desktop\w2016\graphics\project\comp371_group_project\source\main.cpp(197): warning C4018: '<' : signed/unsigned mismatch
     1>c:\users\denis\desktop\w2016\graphics\project\comp371_group_project\source\main.cpp(290): warning C4129: 'V' : unrecognized character escape sequence
     1>c:\users\denis\desktop\w2016\graphics\project\comp371_group_project\source\main.cpp(487): warning C4244: 'argument' : conversion from 'float' to 'GLsizeiptr', possible loss of data
     1>c:\users\denis\desktop\w2016\graphics\project\comp371_group_project\source\main.cpp(547): warning C4018: '<' : signed/unsigned mismatch
     1>c:\users\denis\desktop\w2016\graphics\project\comp371_group_project\source\main.cpp(548): warning C4018: '<' : signed/unsigned mismatch
     1>c:\users\denis\desktop\w2016\graphics\project\comp371_group_project\source\main.cpp(565): warning C4018: '<' : signed/unsigned mismatch
     1>c:\users\denis\desktop\w2016\graphics\project\comp371_group_project\source\main.cpp(577): warning C4018: '<' : signed/unsigned mismatch
     1>c:\users\denis\desktop\w2016\graphics\project\comp371_group_project\source\main.cpp(585): warning C4018: '<' : signed/unsigned mismatch
     1>c:\users\denis\desktop\w2016\graphics\project\comp371_group_project\source\main.cpp(596): warning C4018: '<' : signed/unsigned mismatch
     1>c:\users\denis\desktop\w2016\graphics\project\comp371_group_project\source\main.cpp(604): warning C4018: '<' : signed/unsigned mismatch
     1>c:\users\denis\desktop\w2016\graphics\project\comp371_group_project\source\main.cpp(471): warning C4101: 'lineRange' : unreferenced local variable
         Generating Code...
     1>Done Building Project "C:\Users\Denis\Desktop\W2016\graphics\project\COMP371_group_project\VS2013\HW_Template.vcxproj" (Build target(s)) -- FAILED.

Build FAILED.

Time Elapsed 00:00:00.94
